<?xml version="1.0" encoding="UTF-8"?>
<testsuite name="AppUnitTest" tests="5" skipped="0" failures="0" errors="0" timestamp="2015-08-13T21:50:15" hostname="epicodus-104.local" time="0.003">
  <properties/>
  <testcase name="isAmountGreaterThanTwentyFive_true" classname="AppUnitTest" time="0.0"/>
  <testcase name="calculateCoins_userInputReturnsAllCoins_OneOneOneAndOne" classname="AppUnitTest" time="0.001"/>
  <testcase name="calculateCoins_userInputReturnsPenniesAndNickels_OneAndOne" classname="AppUnitTest" time="0.0"/>
  <testcase name="calculateCoins_userInputReturnsAmountInPennies_5" classname="AppUnitTest" time="0.0"/>
  <testcase name="calculateCoins_userInputReturnsPenniesNickelsAndDimes_OneOneAndOne" classname="AppUnitTest" time="0.001"/>
  <system-out><![CDATA[]]></system-out>
  <system-err><![CDATA[]]></system-err>
</testsuite>
