<?xml version="1.0" encoding="UTF-8"?>
<testsuite name="AppUnitTest" tests="2" skipped="0" failures="0" errors="0" timestamp="2015-08-13T21:33:32" hostname="epicodus-104.local" time="0.002">
  <properties/>
  <testcase name="isAmountGreaterThanTwentyFive_true" classname="AppUnitTest" time="0.001"/>
  <testcase name="calculateCoins_userInputReturnsAmountInPennies_5" classname="AppUnitTest" time="0.001"/>
  <system-out><![CDATA[]]></system-out>
  <system-err><![CDATA[]]></system-err>
</testsuite>
